[2025-09-21 19:08:52,077: INFO: common: yaml file: config\config.yaml loaded successfully]
[2025-09-21 19:08:52,093: INFO: common: yaml file: params.yaml loaded successfully]
[2025-09-21 19:08:52,097: INFO: common: created directory at: artifacts]
[2025-09-21 19:08:52,101: INFO: common: created directory at: artifacts\training]
[2025-09-21 19:10:28,965: INFO: common: yaml file: config\config.yaml loaded successfully]
[2025-09-21 19:10:28,975: INFO: common: yaml file: params.yaml loaded successfully]
[2025-09-21 19:10:28,979: INFO: common: created directory at: artifacts]
[2025-09-21 19:10:28,983: INFO: common: created directory at: artifacts\training]
[2025-09-21 19:23:17,727: INFO: common: yaml file: config\config.yaml loaded successfully]
[2025-09-21 19:23:17,737: INFO: common: yaml file: params.yaml loaded successfully]
[2025-09-21 19:23:17,741: INFO: common: created directory at: artifacts]
[2025-09-21 19:23:17,747: INFO: common: created directory at: artifacts\training]
[2025-09-21 19:25:17,234: INFO: common: yaml file: config\config.yaml loaded successfully]
[2025-09-21 19:25:17,243: INFO: common: yaml file: params.yaml loaded successfully]
[2025-09-21 19:25:17,249: INFO: common: created directory at: artifacts]
[2025-09-21 19:25:17,253: INFO: common: created directory at: artifacts\training]
[2025-09-22 11:11:35,803: INFO: common: yaml file: config\config.yaml loaded successfully]
[2025-09-22 11:11:35,816: INFO: common: yaml file: params.yaml loaded successfully]
[2025-09-22 11:11:35,821: INFO: common: created directory at: artifacts]
[2025-09-22 11:11:35,825: INFO: common: created directory at: artifacts\training]
[2025-09-22 11:11:49,204: INFO: common: yaml file: config\config.yaml loaded successfully]
[2025-09-22 11:11:49,214: INFO: common: yaml file: params.yaml loaded successfully]
[2025-09-22 11:11:49,218: INFO: common: created directory at: artifacts]
[2025-09-22 11:11:49,221: INFO: common: created directory at: artifacts\training]
[2025-09-22 11:13:41,515: INFO: common: yaml file: config\config.yaml loaded successfully]
[2025-09-22 11:13:41,526: INFO: common: yaml file: params.yaml loaded successfully]
[2025-09-22 11:13:41,530: INFO: common: created directory at: artifacts]
[2025-09-22 11:13:41,534: INFO: common: created directory at: artifacts\training]
[2025-09-22 11:14:13,147: INFO: common: yaml file: config\config.yaml loaded successfully]
[2025-09-22 11:14:13,157: INFO: common: yaml file: params.yaml loaded successfully]
[2025-09-22 11:14:13,161: INFO: common: created directory at: artifacts]
[2025-09-22 11:14:13,164: INFO: common: created directory at: artifacts\training]
[2025-09-22 11:14:13,178: ERROR: 192113658: Failed to load base model: Error when deserializing class 'InputLayer' using config={'batch_shape': [None, 224, 224, 3], 'dtype': 'float32', 'sparse': False, 'ragged': False, 'name': 'input_layer'}.

Exception encountered: Unrecognized keyword arguments: ['batch_shape']]
